
  .   ____          _            __ _ _
 /\\ / ___'_ __ _ _(_)_ __  __ _ \ \ \ \
( ( )\___ | '_ | '_| | '_ \/ _` | \ \ \ \
 \\/  ___)| |_)| | | | | || (_| |  ) ) ) )
  '  |____| .__|_| |_|_| |_\__, | / / / /
 =========|_|==============|___/=/_/_/_/
 :: Spring Boot ::       (v2.1.10.RELEASE)

2024-02-26 09:25:20  [34mINFO [0;39m [35m409 [0;39m --- [[33m           main[0;39m] [36mc.h.boostrap.startup.StartupApplication [0;39m : Starting StartupApplication v0.0.1-SNAPSHOT on DESKTOP-3GDOO22 with PID 8684 (D:\work\loans-Finance\Finance\target\startup-0.0.1-SNAPSHOT.jar started by dragonpass in D:\work\loans-Finance\Finance)
2024-02-26 09:25:20  [34mINFO [0;39m [35m411 [0;39m --- [[33m           main[0;39m] [36mc.h.boostrap.startup.StartupApplication [0;39m : No active profile set, falling back to default profiles: default
2024-02-26 09:25:21  [34mINFO [0;39m [35m1630[0;39m --- [[33m           main[0;39m] [36mo.s.b.w.embedded.tomcat.TomcatWebServer [0;39m : Tomcat initialized with port(s): 8080 (http)
2024-02-26 09:25:21  [34mINFO [0;39m [35m1642[0;39m --- [[33m           main[0;39m] [36mo.a.coyote.http11.Http11NioProtocol     [0;39m : Initializing ProtocolHandler ["http-nio-8080"]
2024-02-26 09:25:21  [34mINFO [0;39m [35m1648[0;39m --- [[33m           main[0;39m] [36mo.apache.catalina.core.StandardService  [0;39m : Starting service [Tomcat]
2024-02-26 09:25:21  [34mINFO [0;39m [35m1649[0;39m --- [[33m           main[0;39m] [36morg.apache.catalina.core.StandardEngine [0;39m : Starting Servlet engine: [Apache Tomcat/9.0.27]
2024-02-26 09:25:21  [34mINFO [0;39m [35m1720[0;39m --- [[33m           main[0;39m] [36mo.a.c.c.C.[Tomcat].[localhost].[/]      [0;39m : Initializing Spring embedded WebApplicationContext
2024-02-26 09:25:21  [34mINFO [0;39m [35m1720[0;39m --- [[33m           main[0;39m] [36mo.s.web.context.ContextLoader           [0;39m : Root WebApplicationContext: initialization completed in 1276 ms
2024-02-26 09:25:21  [34mINFO [0;39m [35m1911[0;39m --- [[33m           main[0;39m] [36mo.s.s.concurrent.ThreadPoolTaskExecutor [0;39m : Initializing ExecutorService 'applicationTaskExecutor'
2024-02-26 09:25:21  [34mINFO [0;39m [35m2010[0;39m --- [[33m           main[0;39m] [36mo.s.s.c.ThreadPoolTaskScheduler         [0;39m : Initializing ExecutorService 'taskScheduler'
2024-02-26 09:25:21  [34mINFO [0;39m [35m2080[0;39m --- [[33m           main[0;39m] [36mo.a.coyote.http11.Http11NioProtocol     [0;39m : Starting ProtocolHandler ["http-nio-8080"]
2024-02-26 09:25:21  [34mINFO [0;39m [35m2097[0;39m --- [[33m           main[0;39m] [36mo.s.b.w.embedded.tomcat.TomcatWebServer [0;39m : Tomcat started on port(s): 8080 (http) with context path ''
2024-02-26 09:25:21  [34mINFO [0;39m [35m2099[0;39m --- [[33m           main[0;39m] [36mc.h.boostrap.startup.StartupApplication [0;39m : Started StartupApplication in 1.923 seconds (JVM running for 2.304)
^C